<?xml version="1.0" encoding="UTF-8"?>
<!-- Generated by org.testng.reporters.JUnitReportReporter -->
<testsuite hostname="DESKTOP-P4T4VNH" failures="0" tests="4" name="MainTests" time="73.768" errors="0" timestamp="10 мая 2019 15:45:31 GMT" skipped="0">
  <testcase classname="MainTests" name="signInTest" time="15.523"/>
  <testcase classname="MainTests" name="cityChangeTest" time="16.134"/>
  <testcase classname="MainTests" name="cityChangeTest" time="16.237"/>
  <testcase classname="MainTests" name="shoppingTest" time="25.874"/>
</testsuite> <!-- MainTests -->
